<?xml version="1.0" encoding="UTF-8"?>
<!-- Generated by org.testng.reporters.JUnitReportReporter -->
<testsuite hostname="DESKTOP-1ECMA7U" name="com.qa.test.testLoginTestNG" tests="2" failures="0" timestamp="28 Aug 2020 07:32:15 GMT" time="40.703" errors="0">
  <testcase name="loginTest" time="23.098" classname="com.qa.test.testLoginTestNG"/>
  <testcase name="loginTest" time="17.605" classname="com.qa.test.testLoginTestNG"/>
</testsuite> <!-- com.qa.test.testLoginTestNG -->
