<?xml version="1.0" encoding="UTF-8"?>
<!-- Generated by org.testng.reporters.JUnitReportReporter -->
<testsuite hostname="DESKTOP-1ECMA7U" name="com.qa.SeleniumJavaCI.testNgDependency" tests="3" failures="0" timestamp="25 Aug 2020 08:50:22 GMT" time="0.025" errors="0">
  <testcase name="test2" time="0.001" classname="com.qa.SeleniumJavaCI.testNgDependency"/>
  <testcase name="test3" time="0.022" classname="com.qa.SeleniumJavaCI.testNgDependency"/>
  <testcase name="test1" time="0.002" classname="com.qa.SeleniumJavaCI.testNgDependency"/>
</testsuite> <!-- com.qa.SeleniumJavaCI.testNgDependency -->
