<?xml version="1.0" encoding="UTF-8"?>
<!-- Generated by org.testng.reporters.JUnitReportReporter -->
<testsuite hostname="DESKTOP-1ECMA7U" name="com.qa.SeleniumJavaCI.testNGPriorityDemo" tests="3" failures="0" timestamp="24 Aug 2020 08:57:47 GMT" time="0.074" errors="0">
  <testcase name="Demo1" time="0.059" classname="com.qa.SeleniumJavaCI.testNGPriorityDemo"/>
  <testcase name="ASuccess" time="0.003" classname="com.qa.SeleniumJavaCI.testNGPriorityDemo"/>
  <testcase name="Agree" time="0.012" classname="com.qa.SeleniumJavaCI.testNGPriorityDemo"/>
</testsuite> <!-- com.qa.SeleniumJavaCI.testNGPriorityDemo -->
