<?xml version="1.0" encoding="UTF-8"?>
<!-- Generated by org.testng.reporters.JUnitReportReporter -->
<testsuite hostname="DESKTOP-1ECMA7U" name="com.qa.utilities.excelDataProvider" tests="2" failures="0" timestamp="21 Aug 2020 05:35:03 GMT" time="0.087" errors="0">
  <testcase name="test1" time="0.083" classname="com.qa.utilities.excelDataProvider"/>
  <testcase name="test1" time="0.004" classname="com.qa.utilities.excelDataProvider"/>
</testsuite> <!-- com.qa.utilities.excelDataProvider -->
