<?xml version="1.0" encoding="UTF-8"?>
<!-- Generated by org.testng.reporters.JUnitReportReporter -->
<testsuite hostname="DESKTOP-1ECMA7U" name="com.qa.SeleniumJavaCI.testNGGrouping" tests="6" failures="0" timestamp="25 Aug 2020 08:35:43 GMT" time="0.023" errors="0">
  <testcase name="test5" time="0.004" classname="com.qa.SeleniumJavaCI.testNGGrouping"/>
  <testcase name="test1" time="0.004" classname="com.qa.SeleniumJavaCI.testNGGrouping"/>
  <testcase name="test2" time="0.002" classname="com.qa.SeleniumJavaCI.testNGGrouping"/>
  <testcase name="test6" time="0.006" classname="com.qa.SeleniumJavaCI.testNGGrouping"/>
  <testcase name="test3" time="0.004" classname="com.qa.SeleniumJavaCI.testNGGrouping"/>
  <testcase name="test4" time="0.003" classname="com.qa.SeleniumJavaCI.testNGGrouping"/>
</testsuite> <!-- com.qa.SeleniumJavaCI.testNGGrouping -->
