<?xml version="1.0" encoding="UTF-8"?>
<!-- Generated by org.testng.reporters.JUnitReportReporter -->
<testsuite skipped="0" hostname="DESKTOP-1ECMA7U" name="com.qa.test.testAddToCardTestNG" tests="3" failures="0" timestamp="2020-09-05T15:12:12 ICT" time="43.061" errors="0">
  <testcase name="addToCartTest" time="22.158" classname="com.qa.test.testAddToCardTestNG"/>
  <system-out>
<a target="_blank" href="\1599293508822.png">Screen Short</a> <br> <br> <a target="_blank" href="\1599293508822.png"><img src="\1599293508822.png" height=200 width=200></img></a>  </system-out>
  <testcase name="addToCartTest" time="8.884" classname="com.qa.test.testAddToCardTestNG"/>
  <system-out>
<a target="_blank" href="\1599293518376.png">Screen Short</a> <br> <br> <a target="_blank" href="\1599293518376.png"><img src="\1599293518376.png" height=200 width=200></img></a>  </system-out>
  <testcase name="addToCartTest" time="12.019" classname="com.qa.test.testAddToCardTestNG"/>
  <system-out>
<a target="_blank" href="\1599293530729.png">Screen Short</a> <br> <br> <a target="_blank" href="\1599293530729.png"><img src="\1599293530729.png" height=200 width=200></img></a>  </system-out>
</testsuite> <!-- com.qa.test.testAddToCardTestNG -->
