<?xml version="1.0" encoding="UTF-8"?>
<!-- Generated by org.testng.reporters.JUnitReportReporter -->
<testsuite skipped="0" hostname="DESKTOP-1ECMA7U" name="com.qa.test.testLoginTestNG" tests="2" failures="0" timestamp="2020-09-05T15:12:12 ICT" time="33.057" errors="0">
  <testcase name="loginTest" time="14.261" classname="com.qa.test.testLoginTestNG"/>
  <system-out>
<a target="_blank" href="\1599293428911.png">Screen Short</a> <br> <br> <a target="_blank" href="\1599293428911.png"><img src="\1599293428911.png" height=200 width=200></img></a>  </system-out>
  <testcase name="loginTest" time="18.796" classname="com.qa.test.testLoginTestNG"/>
  <system-out>
<a target="_blank" href="\1599293412737.png">Screen Short</a> <br> <br> <a target="_blank" href="\1599293412737.png"><img src="\1599293412737.png" height=200 width=200></img></a>  </system-out>
</testsuite> <!-- com.qa.test.testLoginTestNG -->
